<?xml version="1.0" encoding="UTF-8"?>
<robot generator="Robot 4.0.1 (Python 3.9.4 on win32)" generated="20210425 18:49:37.957" rpa="false" schemaversion="2">
<suite id="s1" name="DDT2 CSV" source="C:\Users\SolhailHasware\PycharmProjects\RobotTutorial\TestCases\DDT2_CSV.robot">
<kw name="Open my Browser" library="login_resources" type="SETUP">
<kw name="Open Browser" library="SeleniumLibrary">
<arg>${loginUrl}</arg>
<doc>Opens a new browser instance to the optional ``url``.</doc>
<msg timestamp="20210425 18:49:38.137" level="INFO">Opening browser 'firefox' to base url 'https://admin-demo.nopcommerce.com/login'.</msg>
<msg timestamp="20210425 18:49:38.137" level="INFO">Firefox driver log is always forced to to: C:\Users\SolhailHasware\PycharmProjects\RobotTutorial\geckodriver-14.log</msg>
<status status="PASS" starttime="20210425 18:49:38.137" endtime="20210425 18:49:45.573"/>
</kw>
<status status="PASS" starttime="20210425 18:49:38.137" endtime="20210425 18:49:45.573"/>
</kw>
<test id="s1-t1" name="LoginTestWithCSV using ${username} and adm">
<kw name="Invalid login">
<arg>${username}</arg>
<arg>adm</arg>
<msg timestamp="20210425 18:49:45.573" level="FAIL">Variable '${username}' not found.</msg>
<status status="FAIL" starttime="20210425 18:49:45.573" endtime="20210425 18:49:45.573"/>
</kw>
<status status="FAIL" starttime="20210425 18:49:45.573" endtime="20210425 18:49:45.573">Variable '${username}' not found.</status>
</test>
<test id="s1-t2" name="LoginTestWithCSV using ${username} and admin">
<kw name="Invalid login">
<arg>${username}</arg>
<arg>admin</arg>
<msg timestamp="20210425 18:49:45.588" level="FAIL">Variable '${username}' not found.</msg>
<status status="FAIL" starttime="20210425 18:49:45.588" endtime="20210425 18:49:45.588"/>
</kw>
<status status="FAIL" starttime="20210425 18:49:45.588" endtime="20210425 18:49:45.588">Variable '${username}' not found.</status>
</test>
<test id="s1-t3" name="LoginTestWithCSV using ${username} and adm">
<kw name="Invalid login">
<arg>${username}</arg>
<arg>adm</arg>
<msg timestamp="20210425 18:49:45.595" level="FAIL">Variable '${username}' not found.</msg>
<status status="FAIL" starttime="20210425 18:49:45.595" endtime="20210425 18:49:45.595"/>
</kw>
<status status="FAIL" starttime="20210425 18:49:45.595" endtime="20210425 18:49:45.595">Variable '${username}' not found.</status>
</test>
<kw name="Close Browsers" library="login_resources" type="TEARDOWN">
<kw name="Close All Browsers" library="SeleniumLibrary">
<doc>Closes all open browsers and resets the browser cache.</doc>
<status status="PASS" starttime="20210425 18:49:45.595" endtime="20210425 18:49:46.359"/>
</kw>
<status status="PASS" starttime="20210425 18:49:45.595" endtime="20210425 18:49:46.359"/>
</kw>
<status status="FAIL" starttime="20210425 18:49:37.957" endtime="20210425 18:49:46.359"/>
</suite>
<statistics>
<total>
<stat pass="0" fail="3" skip="0">All Tests</stat>
</total>
<tag>
</tag>
<suite>
<stat pass="0" fail="3" skip="0" id="s1" name="DDT2 CSV">DDT2 CSV</stat>
</suite>
</statistics>
<errors>
<msg timestamp="20210425 18:49:45.588" level="WARN">Multiple test cases with name 'LoginTestWithCSV using ${username} and adm' executed in test suite 'DDT2 CSV'.</msg>
</errors>
</robot>
