<?xml version="1.0" encoding="UTF-8"?>
<robot generator="Robot 4.0.1 (Python 3.9.4 on win32)" generated="20210425 19:49:00.981" rpa="false" schemaversion="2">
<suite id="s1" name="setupTeardown" source="C:\Users\SolhailHasware\PycharmProjects\RobotTutorial\TestCases\setupTeardown.robot">
<kw name="Log To Console" library="BuiltIn" type="SETUP">
<arg>Opening Browser</arg>
<doc>Logs the given message to the console.</doc>
<status status="PASS" starttime="20210425 19:49:01.020" endtime="20210425 19:49:01.021"/>
</kw>
<test id="s1-t1" name="TC1 Prepaid Recharge">
<kw name="Log To Console" library="BuiltIn" type="SETUP">
<arg>Login to application</arg>
<doc>Logs the given message to the console.</doc>
<status status="PASS" starttime="20210425 19:49:01.021" endtime="20210425 19:49:01.022"/>
</kw>
<kw name="Log To Console" library="BuiltIn">
<arg>This is prepaid recharge testcase</arg>
<doc>Logs the given message to the console.</doc>
<status status="PASS" starttime="20210425 19:49:01.023" endtime="20210425 19:49:01.023"/>
</kw>
<kw name="Log To Console" library="BuiltIn" type="TEARDOWN">
<arg>Logout from application</arg>
<doc>Logs the given message to the console.</doc>
<status status="PASS" starttime="20210425 19:49:01.024" endtime="20210425 19:49:01.025"/>
</kw>
<status status="PASS" starttime="20210425 19:49:01.021" endtime="20210425 19:49:01.025"/>
</test>
<test id="s1-t2" name="TC2 Postpaid recharge">
<kw name="Log To Console" library="BuiltIn" type="SETUP">
<arg>Login to application</arg>
<doc>Logs the given message to the console.</doc>
<status status="PASS" starttime="20210425 19:49:01.028" endtime="20210425 19:49:01.028"/>
</kw>
<kw name="Log To Console" library="BuiltIn">
<arg>This is postpaid recharge testcase</arg>
<doc>Logs the given message to the console.</doc>
<status status="PASS" starttime="20210425 19:49:01.029" endtime="20210425 19:49:01.029"/>
</kw>
<kw name="Log To Console" library="BuiltIn" type="TEARDOWN">
<arg>Logout from application</arg>
<doc>Logs the given message to the console.</doc>
<status status="PASS" starttime="20210425 19:49:01.030" endtime="20210425 19:49:01.030"/>
</kw>
<status status="PASS" starttime="20210425 19:49:01.027" endtime="20210425 19:49:01.031"/>
</test>
<test id="s1-t3" name="TC3 Search">
<kw name="Log To Console" library="BuiltIn" type="SETUP">
<arg>Login to application</arg>
<doc>Logs the given message to the console.</doc>
<status status="PASS" starttime="20210425 19:49:01.033" endtime="20210425 19:49:01.033"/>
</kw>
<kw name="Log To Console" library="BuiltIn">
<arg>This is search testcase</arg>
<doc>Logs the given message to the console.</doc>
<status status="PASS" starttime="20210425 19:49:01.034" endtime="20210425 19:49:01.036"/>
</kw>
<kw name="Log To Console" library="BuiltIn" type="TEARDOWN">
<arg>Logout from application</arg>
<doc>Logs the given message to the console.</doc>
<status status="PASS" starttime="20210425 19:49:01.036" endtime="20210425 19:49:01.037"/>
</kw>
<status status="PASS" starttime="20210425 19:49:01.032" endtime="20210425 19:49:01.038"/>
</test>
<test id="s1-t4" name="TC4 Advance Search">
<kw name="Log To Console" library="BuiltIn" type="SETUP">
<arg>Login to application</arg>
<doc>Logs the given message to the console.</doc>
<status status="PASS" starttime="20210425 19:49:01.040" endtime="20210425 19:49:01.041"/>
</kw>
<kw name="Log To Console" library="BuiltIn">
<arg>This is advacne searh testcase</arg>
<doc>Logs the given message to the console.</doc>
<status status="PASS" starttime="20210425 19:49:01.042" endtime="20210425 19:49:01.042"/>
</kw>
<kw name="Log To Console" library="BuiltIn" type="TEARDOWN">
<arg>Logout from application</arg>
<doc>Logs the given message to the console.</doc>
<status status="PASS" starttime="20210425 19:49:01.043" endtime="20210425 19:49:01.043"/>
</kw>
<status status="PASS" starttime="20210425 19:49:01.039" endtime="20210425 19:49:01.044"/>
</test>
<kw name="Log To Console" library="BuiltIn" type="TEARDOWN">
<arg>Closing Browser</arg>
<doc>Logs the given message to the console.</doc>
<status status="PASS" starttime="20210425 19:49:01.045" endtime="20210425 19:49:01.046"/>
</kw>
<status status="PASS" starttime="20210425 19:49:00.983" endtime="20210425 19:49:01.046"/>
</suite>
<statistics>
<total>
<stat pass="4" fail="0" skip="0">All Tests</stat>
</total>
<tag>
</tag>
<suite>
<stat pass="4" fail="0" skip="0" id="s1" name="setupTeardown">setupTeardown</stat>
</suite>
</statistics>
<errors>
</errors>
</robot>
